{"name": "test_tab_question[answer2-tab2]", "status": "broken", "statusDetails": {"message": "selenium.common.exceptions.ElementClickInterceptedException: Message: Element <div id=\"accordion__heading-2\" class=\"accordion__button\"> is not clickable at point (966,337) because another element <img src=\"/assets/scooter.png\"> obscures it\nStacktrace:\nRemoteError@chrome://remote/content/shared/RemoteError.sys.mjs:8:8\nWebDriverError@chrome://remote/content/shared/webdriver/Errors.sys.mjs:191:5\nElementClickInterceptedError@chrome://remote/content/shared/webdriver/Errors.sys.mjs:335:5\nwebdriverClickElement@chrome://remote/content/marionette/interaction.sys.mjs:176:11\ninteraction.clickElement@chrome://remote/content/marionette/interaction.sys.mjs:135:11\nclickElement@chrome://remote/content/marionette/actors/MarionetteCommandsChild.sys.mjs:204:29\nreceiveMessage@chrome://remote/content/marionette/actors/MarionetteCommandsChild.sys.mjs:84:31", "trace": "self = <test_question_tab.TestClickQuestion object at 0x000001C339EBF410>, driver = <selenium.webdriver.firefox.webdriver.WebDriver (session=\"bcc20d99-98ba-4529-b76b-a98014a04262\")>\ntab = ('xpath', '//p[contains(text(), \"вы оформляете заказ на 8 мая\")]'), answer = ('id', 'accordion__heading-2')\n\n    @allure.step('Проверка раздела \"Вопросы о важном\"')\n    @pytest.mark.parametrize('answer, tab', zip(QSQ.questions, QSQ.tab_answer))\n    def test_tab_question(self,driver,tab,answer):\n        tabs_page = BasePage(driver)\n        tabs_page.scroll_element(answer)\n>       tabs_page.click_element(answer)\n\ntests\\test_question_tab.py:15: \n_ _ _ _ _ _ _ _ _ _ _ _ _ _ _ _ _ _ _ _ _ _ _ _ _ _ _ _ _ _ _ _ _ _ _ _ _ _ _ _ _ _ _ _ _ _ _ _ _ _ _ _ _ _ _ _ _ _ _ _ _ _ _ _ _ _ _ _ _ _ _ _ _ _ _ _ _ _ _ _ _ _ _ _ _ _ _ _ _ _ _ _ _ _ _ _ _ _ _ _ _ _ _ _ _ _ _ _ _ _ _ _ _ _\npages\\base_page.py:26: in click_element\n    self.driver.find_element(*locator).click()\n..\\Sprint_5\\venv\\Lib\\site-packages\\selenium\\webdriver\\remote\\webelement.py:94: in click\n    self._execute(Command.CLICK_ELEMENT)\n..\\Sprint_5\\venv\\Lib\\site-packages\\selenium\\webdriver\\remote\\webelement.py:395: in _execute\n    return self._parent.execute(command, params)\n..\\Sprint_5\\venv\\Lib\\site-packages\\selenium\\webdriver\\remote\\webdriver.py:354: in execute\n    self.error_handler.check_response(response)\n_ _ _ _ _ _ _ _ _ _ _ _ _ _ _ _ _ _ _ _ _ _ _ _ _ _ _ _ _ _ _ _ _ _ _ _ _ _ _ _ _ _ _ _ _ _ _ _ _ _ _ _ _ _ _ _ _ _ _ _ _ _ _ _ _ _ _ _ _ _ _ _ _ _ _ _ _ _ _ _ _ _ _ _ _ _ _ _ _ _ _ _ _ _ _ _ _ _ _ _ _ _ _ _ _ _ _ _ _ _ _ _ _ _\n\nself = <selenium.webdriver.remote.errorhandler.ErrorHandler object at 0x000001C339F15C40>\nresponse = {'status': 400, 'value': '{\"value\":{\"error\":\"element click intercepted\",\"message\":\"Element <div id=\\\\\"accordion__headi...\"accordion__heading-2\\\\\" class=\\\\\"accordion__button\\\\\">\",\"overlayingElement\":\"<img src=\\\\\"/assets/scooter.png\\\\\">\"}}}'}\n\n    def check_response(self, response: Dict[str, Any]) -> None:\n        \"\"\"Checks that a JSON response from the WebDriver does not have an\n        error.\n    \n        :Args:\n         - response - The JSON response from the WebDriver server as a dictionary\n           object.\n    \n        :Raises: If the response contains an error message.\n        \"\"\"\n        status = response.get(\"status\", None)\n        if not status or status == ErrorCode.SUCCESS:\n            return\n        value = None\n        message = response.get(\"message\", \"\")\n        screen: str = response.get(\"screen\", \"\")\n        stacktrace = None\n        if isinstance(status, int):\n            value_json = response.get(\"value\", None)\n            if value_json and isinstance(value_json, str):\n                import json\n    \n                try:\n                    value = json.loads(value_json)\n                    if len(value) == 1:\n                        value = value[\"value\"]\n                    status = value.get(\"error\", None)\n                    if not status:\n                        status = value.get(\"status\", ErrorCode.UNKNOWN_ERROR)\n                        message = value.get(\"value\") or value.get(\"message\")\n                        if not isinstance(message, str):\n                            value = message\n                            message = message.get(\"message\")\n                    else:\n                        message = value.get(\"message\", None)\n                except ValueError:\n                    pass\n    \n        exception_class: Type[WebDriverException]\n        e = ErrorCode()\n        error_codes = [item for item in dir(e) if not item.startswith(\"__\")]\n        for error_code in error_codes:\n            error_info = getattr(ErrorCode, error_code)\n            if isinstance(error_info, list) and status in error_info:\n                exception_class = getattr(ExceptionMapping, error_code, WebDriverException)\n                break\n        else:\n            exception_class = WebDriverException\n    \n        if not value:\n            value = response[\"value\"]\n        if isinstance(value, str):\n            raise exception_class(value)\n        if message == \"\" and \"message\" in value:\n            message = value[\"message\"]\n    \n        screen = None  # type: ignore[assignment]\n        if \"screen\" in value:\n            screen = value[\"screen\"]\n    \n        stacktrace = None\n        st_value = value.get(\"stackTrace\") or value.get(\"stacktrace\")\n        if st_value:\n            if isinstance(st_value, str):\n                stacktrace = st_value.split(\"\\n\")\n            else:\n                stacktrace = []\n                try:\n                    for frame in st_value:\n                        line = frame.get(\"lineNumber\", \"\")\n                        file = frame.get(\"fileName\", \"<anonymous>\")\n                        if line:\n                            file = f\"{file}:{line}\"\n                        meth = frame.get(\"methodName\", \"<anonymous>\")\n                        if \"className\" in frame:\n                            meth = f\"{frame['className']}.{meth}\"\n                        msg = \"    at %s (%s)\"\n                        msg = msg % (meth, file)\n                        stacktrace.append(msg)\n                except TypeError:\n                    pass\n        if exception_class == UnexpectedAlertPresentException:\n            alert_text = None\n            if \"data\" in value:\n                alert_text = value[\"data\"].get(\"text\")\n            elif \"alert\" in value:\n                alert_text = value[\"alert\"].get(\"text\")\n            raise exception_class(message, screen, stacktrace, alert_text)  # type: ignore[call-arg]  # mypy is not smart enough here\n>       raise exception_class(message, screen, stacktrace)\nE       selenium.common.exceptions.ElementClickInterceptedException: Message: Element <div id=\"accordion__heading-2\" class=\"accordion__button\"> is not clickable at point (966,337) because another element <img src=\"/assets/scooter.png\"> obscures it\nE       Stacktrace:\nE       RemoteError@chrome://remote/content/shared/RemoteError.sys.mjs:8:8\nE       WebDriverError@chrome://remote/content/shared/webdriver/Errors.sys.mjs:191:5\nE       ElementClickInterceptedError@chrome://remote/content/shared/webdriver/Errors.sys.mjs:335:5\nE       webdriverClickElement@chrome://remote/content/marionette/interaction.sys.mjs:176:11\nE       interaction.clickElement@chrome://remote/content/marionette/interaction.sys.mjs:135:11\nE       clickElement@chrome://remote/content/marionette/actors/MarionetteCommandsChild.sys.mjs:204:29\nE       receiveMessage@chrome://remote/content/marionette/actors/MarionetteCommandsChild.sys.mjs:84:31\n\n..\\Sprint_5\\venv\\Lib\\site-packages\\selenium\\webdriver\\remote\\errorhandler.py:229: ElementClickInterceptedException"}, "steps": [{"name": "Проверка раздела \"Вопросы о важном\"", "status": "broken", "statusDetails": {"message": "selenium.common.exceptions.ElementClickInterceptedException: Message: Element <div id=\"accordion__heading-2\" class=\"accordion__button\"> is not clickable at point (966,337) because another element <img src=\"/assets/scooter.png\"> obscures it\nStacktrace:\nRemoteError@chrome://remote/content/shared/RemoteError.sys.mjs:8:8\nWebDriverError@chrome://remote/content/shared/webdriver/Errors.sys.mjs:191:5\nElementClickInterceptedError@chrome://remote/content/shared/webdriver/Errors.sys.mjs:335:5\nwebdriverClickElement@chrome://remote/content/marionette/interaction.sys.mjs:176:11\ninteraction.clickElement@chrome://remote/content/marionette/interaction.sys.mjs:135:11\nclickElement@chrome://remote/content/marionette/actors/MarionetteCommandsChild.sys.mjs:204:29\nreceiveMessage@chrome://remote/content/marionette/actors/MarionetteCommandsChild.sys.mjs:84:31\n\n", "trace": "  File \"C:\\Users\\Home\\PycharmProjects\\Sprint_5\\venv\\Lib\\site-packages\\allure_commons\\_allure.py\", line 192, in impl\n    return func(*a, **kw)\n           ^^^^^^^^^^^^^^\n  File \"C:\\Users\\Home\\PycharmProjects\\Sprint_6\\tests\\test_question_tab.py\", line 15, in test_tab_question\n    tabs_page.click_element(answer)\n  File \"C:\\Users\\Home\\PycharmProjects\\Sprint_5\\venv\\Lib\\site-packages\\allure_commons\\_allure.py\", line 192, in impl\n    return func(*a, **kw)\n           ^^^^^^^^^^^^^^\n  File \"C:\\Users\\Home\\PycharmProjects\\Sprint_6\\pages\\base_page.py\", line 26, in click_element\n    self.driver.find_element(*locator).click()\n  File \"C:\\Users\\Home\\PycharmProjects\\Sprint_5\\venv\\Lib\\site-packages\\selenium\\webdriver\\remote\\webelement.py\", line 94, in click\n    self._execute(Command.CLICK_ELEMENT)\n  File \"C:\\Users\\Home\\PycharmProjects\\Sprint_5\\venv\\Lib\\site-packages\\selenium\\webdriver\\remote\\webelement.py\", line 395, in _execute\n    return self._parent.execute(command, params)\n           ^^^^^^^^^^^^^^^^^^^^^^^^^^^^^^^^^^^^^\n  File \"C:\\Users\\Home\\PycharmProjects\\Sprint_5\\venv\\Lib\\site-packages\\selenium\\webdriver\\remote\\webdriver.py\", line 354, in execute\n    self.error_handler.check_response(response)\n  File \"C:\\Users\\Home\\PycharmProjects\\Sprint_5\\venv\\Lib\\site-packages\\selenium\\webdriver\\remote\\errorhandler.py\", line 229, in check_response\n    raise exception_class(message, screen, stacktrace)\n"}, "steps": [{"name": "Скролл до элемента", "status": "passed", "parameters": [{"name": "locator", "value": "('id', 'accordion__heading-2')"}], "start": 1740556143129, "stop": 1740556143141}, {"name": "Кликнуть по элементу", "status": "broken", "statusDetails": {"message": "selenium.common.exceptions.ElementClickInterceptedException: Message: Element <div id=\"accordion__heading-2\" class=\"accordion__button\"> is not clickable at point (966,337) because another element <img src=\"/assets/scooter.png\"> obscures it\nStacktrace:\nRemoteError@chrome://remote/content/shared/RemoteError.sys.mjs:8:8\nWebDriverError@chrome://remote/content/shared/webdriver/Errors.sys.mjs:191:5\nElementClickInterceptedError@chrome://remote/content/shared/webdriver/Errors.sys.mjs:335:5\nwebdriverClickElement@chrome://remote/content/marionette/interaction.sys.mjs:176:11\ninteraction.clickElement@chrome://remote/content/marionette/interaction.sys.mjs:135:11\nclickElement@chrome://remote/content/marionette/actors/MarionetteCommandsChild.sys.mjs:204:29\nreceiveMessage@chrome://remote/content/marionette/actors/MarionetteCommandsChild.sys.mjs:84:31\n\n", "trace": "  File \"C:\\Users\\Home\\PycharmProjects\\Sprint_5\\venv\\Lib\\site-packages\\allure_commons\\_allure.py\", line 192, in impl\n    return func(*a, **kw)\n           ^^^^^^^^^^^^^^\n  File \"C:\\Users\\Home\\PycharmProjects\\Sprint_6\\pages\\base_page.py\", line 26, in click_element\n    self.driver.find_element(*locator).click()\n  File \"C:\\Users\\Home\\PycharmProjects\\Sprint_5\\venv\\Lib\\site-packages\\selenium\\webdriver\\remote\\webelement.py\", line 94, in click\n    self._execute(Command.CLICK_ELEMENT)\n  File \"C:\\Users\\Home\\PycharmProjects\\Sprint_5\\venv\\Lib\\site-packages\\selenium\\webdriver\\remote\\webelement.py\", line 395, in _execute\n    return self._parent.execute(command, params)\n           ^^^^^^^^^^^^^^^^^^^^^^^^^^^^^^^^^^^^^\n  File \"C:\\Users\\Home\\PycharmProjects\\Sprint_5\\venv\\Lib\\site-packages\\selenium\\webdriver\\remote\\webdriver.py\", line 354, in execute\n    self.error_handler.check_response(response)\n  File \"C:\\Users\\Home\\PycharmProjects\\Sprint_5\\venv\\Lib\\site-packages\\selenium\\webdriver\\remote\\errorhandler.py\", line 229, in check_response\n    raise exception_class(message, screen, stacktrace)\n"}, "parameters": [{"name": "locator", "value": "('id', 'accordion__heading-2')"}], "start": 1740556143141, "stop": 1740556143146}], "parameters": [{"name": "driver", "value": "<selenium.webdriver.firefox.webdriver.WebDriver (session=\"bcc20d99-98ba-4529-b76b-a98014a04262\")>"}, {"name": "tab", "value": "('xpath', '//p[contains(text(), \"вы оформляете заказ на 8 мая\")]')"}, {"name": "answer", "value": "('id', 'accordion__heading-2')"}], "start": 1740556143129, "stop": 1740556143182}], "parameters": [{"name": "answer", "value": "('id', 'accordion__heading-2')"}, {"name": "tab", "value": "('xpath', '//p[contains(text(), \"вы оформляете заказ на 8 мая\")]')"}], "start": 1740556143129, "stop": 1740556143183, "uuid": "908b21e2-3dd0-48ef-a798-67f9fac6a55e", "historyId": "eca537e2a949792650db203fca043da5", "testCaseId": "df7d03feb4e260c819f438ce3aadba42", "fullName": "tests.test_question_tab.TestClickQuestion#test_tab_question", "labels": [{"name": "parentSuite", "value": "tests"}, {"name": "suite", "value": "test_question_tab"}, {"name": "subSuite", "value": "TestClickQuestion"}, {"name": "host", "value": "DESKTOP-TQK9O8R"}, {"name": "thread", "value": "8004-MainThread"}, {"name": "framework", "value": "pytest"}, {"name": "language", "value": "cpython3"}, {"name": "package", "value": "tests.test_question_tab"}]}